# JRE version: Java(TM) SE Runtime Environment (8.0_111-b14) (build 1.8.0_111-b14)
# Java VM: Java HotSpot(TM) Client VM (25.111-b14 mixed mode windows-x86 )
Heap:
 def new generation   total 157248K, used 157247K [0x07200000, 0x11ca0000, 0x11ca0000)
  eden space 139776K,  99% used [0x07200000, 0x0fa7fff8, 0x0fa80000)
  from space 17472K, 100% used [0x10b90000, 0x11ca0000, 0x11ca0000)
  to   space 17472K,   0% used [0x0fa80000, 0x0fa80000, 0x10b90000)
 tenured generation   total 349568K, used 349568K [0x11ca0000, 0x27200000, 0x27200000)
   the space 349568K, 100% used [0x11ca0000, 0x27200000, 0x27200000, 0x27200000)
 Metaspace       used 19228K, capacity 19720K, committed 19968K, reserved 20864K
GC Heap History (10 events):
Event: 25155.282 GC heap before
{Heap before GC invocations=138 (full 59):
 def new generation   total 157248K, used 157247K [0x07200000, 0x11ca0000, 0x11ca0000)
  eden space 139776K, 100% used [0x07200000, 0x0fa80000, 0x0fa80000)
  from space 17472K,  99% used [0x10b90000, 0x11c9fc60, 0x11ca0000)
  to   space 17472K,   0% used [0x0fa80000, 0x0fa80000, 0x10b90000)
 tenured generation   total 349568K, used 349567K [0x11ca0000, 0x27200000, 0x27200000)
   the space 349568K,  99% used [0x11ca0000, 0x271ffff8, 0x27200000, 0x27200000)
 Metaspace       used 19228K, capacity 19720K, committed 19968K, reserved 20864K
Event: 25156.406 GC heap after
Heap after GC invocations=139 (full 60):
 def new generation   total 157248K, used 157246K [0x07200000, 0x11ca0000, 0x11ca0000)
  eden space 139776K, 100% used [0x07200000, 0x0fa80000, 0x0fa80000)
  from space 17472K,  99% used [0x10b90000, 0x11c9fb88, 0x11ca0000)
  to   space 17472K,   0% used [0x0fa80000, 0x0fa80000, 0x10b90000)
 tenured generation   total 349568K, used 349568K [0x11ca0000, 0x27200000, 0x27200000)
   the space 349568K, 100% used [0x11ca0000, 0x27200000, 0x27200000, 0x27200000)
 Metaspace       used 19228K, capacity 19720K, committed 19968K, reserved 20864K
}
Event: 25156.406 GC heap before
{Heap before GC invocations=139 (full 60):
 def new generation   total 157248K, used 157246K [0x07200000, 0x11ca0000, 0x11ca0000)
  eden space 139776K, 100% used [0x07200000, 0x0fa80000, 0x0fa80000)
  from space 17472K,  99% used [0x10b90000, 0x11c9fb88, 0x11ca0000)
  to   space 17472K,   0% used [0x0fa80000, 0x0fa80000, 0x10b90000)
 tenured generation   total 349568K, used 349568K [0x11ca0000, 0x27200000, 0x27200000)
   the space 349568K, 100% used [0x11ca0000, 0x27200000, 0x27200000, 0x27200000)
 Metaspace       used 19228K, capacity 19720K, committed 19968K, reserved 20864K
Event: 25157.351 GC heap after
Heap after GC invocations=140 (full 61):
 def new generation   total 157248K, used 157246K [0x07200000, 0x11ca0000, 0x11ca0000)
  eden space 139776K, 100% used [0x07200000, 0x0fa80000, 0x0fa80000)
  from space 17472K,  99% used [0x10b90000, 0x11c9fb88, 0x11ca0000)
  to   space 17472K,   0% used [0x0fa80000, 0x0fa80000, 0x10b90000)
 tenured generation   total 349568K, used 349568K [0x11ca0000, 0x27200000, 0x27200000)
   the space 349568K, 100% used [0x11ca0000, 0x27200000, 0x27200000, 0x27200000)
 Metaspace       used 19228K, capacity 19720K, committed 19968K, reserved 20864K
}
Event: 25157.394 GC heap before
{Heap before GC invocations=140 (full 61):
 def new generation   total 157248K, used 157247K [0x07200000, 0x11ca0000, 0x11ca0000)
  eden space 139776K, 100% used [0x07200000, 0x0fa80000, 0x0fa80000)
  from space 17472K,  99% used [0x10b90000, 0x11c9fff8, 0x11ca0000)
  to   space 17472K,   0% used [0x0fa80000, 0x0fa80000, 0x10b90000)
 tenured generation   total 349568K, used 349568K [0x11ca0000, 0x27200000, 0x27200000)
   the space 349568K, 100% used [0x11ca0000, 0x27200000, 0x27200000, 0x27200000)
 Metaspace       used 19228K, capacity 19720K, committed 19968K, reserved 20864K
Event: 25158.289 GC heap after
Heap after GC invocations=141 (full 62):
 def new generation   total 157248K, used 157246K [0x07200000, 0x11ca0000, 0x11ca0000)
  eden space 139776K, 100% used [0x07200000, 0x0fa80000, 0x0fa80000)
  from space 17472K,  99% used [0x10b90000, 0x11c9fbf0, 0x11ca0000)
  to   space 17472K,   0% used [0x0fa80000, 0x0fa80000, 0x10b90000)
 tenured generation   total 349568K, used 349568K [0x11ca0000, 0x27200000, 0x27200000)
   the space 349568K, 100% used [0x11ca0000, 0x27200000, 0x27200000, 0x27200000)
 Metaspace       used 19228K, capacity 19720K, committed 19968K, reserved 20864K
}
Event: 25158.289 GC heap before
{Heap before GC invocations=141 (full 62):
 def new generation   total 157248K, used 157247K [0x07200000, 0x11ca0000, 0x11ca0000)
  eden space 139776K, 100% used [0x07200000, 0x0fa80000, 0x0fa80000)
  from space 17472K,  99% used [0x10b90000, 0x11c9fff8, 0x11ca0000)
  to   space 17472K,   0% used [0x0fa80000, 0x0fa80000, 0x10b90000)
 tenured generation   total 349568K, used 349568K [0x11ca0000, 0x27200000, 0x27200000)
   the space 349568K, 100% used [0x11ca0000, 0x27200000, 0x27200000, 0x27200000)
 Metaspace       used 19228K, capacity 19720K, committed 19968K, reserved 20864K
Event: 25159.206 GC heap after
Heap after GC invocations=142 (full 63):
 def new generation   total 157248K, used 157246K [0x07200000, 0x11ca0000, 0x11ca0000)
  eden space 139776K,  99% used [0x07200000, 0x0fa7fff8, 0x0fa80000)
  from space 17472K,  99% used [0x10b90000, 0x11c9fb38, 0x11ca0000)
  to   space 17472K,   0% used [0x0fa80000, 0x0fa80000, 0x10b90000)
 tenured generation   total 349568K, used 349568K [0x11ca0000, 0x27200000, 0x27200000)
   the space 349568K, 100% used [0x11ca0000, 0x27200000, 0x27200000, 0x27200000)
 Metaspace       used 19228K, capacity 19720K, committed 19968K, reserved 20864K
}
Event: 25159.207 GC heap before
{Heap before GC invocations=142 (full 63):
 def new generation   total 157248K, used 157247K [0x07200000, 0x11ca0000, 0x11ca0000)
  eden space 139776K,  99% used [0x07200000, 0x0fa7fff8, 0x0fa80000)
  from space 17472K,  99% used [0x10b90000, 0x11c9fff8, 0x11ca0000)
  to   space 17472K,   0% used [0x0fa80000, 0x0fa80000, 0x10b90000)
 tenured generation   total 349568K, used 349568K [0x11ca0000, 0x27200000, 0x27200000)
   the space 349568K, 100% used [0x11ca0000, 0x27200000, 0x27200000, 0x27200000)
 Metaspace       used 19228K, capacity 19720K, committed 19968K, reserved 20864K
Event: 25160.180 GC heap after
Heap after GC invocations=143 (full 64):
 def new generation   total 157248K, used 157247K [0x07200000, 0x11ca0000, 0x11ca0000)
  eden space 139776K,  99% used [0x07200000, 0x0fa7fff8, 0x0fa80000)
  from space 17472K,  99% used [0x10b90000, 0x11c9ff80, 0x11ca0000)
  to   space 17472K,   0% used [0x0fa80000, 0x0fa80000, 0x10b90000)
 tenured generation   total 349568K, used 349568K [0x11ca0000, 0x27200000, 0x27200000)
   the space 349568K, 100% used [0x11ca0000, 0x27200000, 0x27200000, 0x27200000)
 Metaspace       used 19228K, capacity 19720K, committed 19968K, reserved 20864K
}

